Loaded packages ... Let's start working...

Using cuda:  False
Training epoch 1
Error tensor(0.1434)
Training epoch 20
Error tensor(0.0160)
Training epoch 40
Error tensor(0.0208)
Training epoch 60
Error tensor(0.0111)
Training epoch 80
Error tensor(0.0094)
Training epoch 100
Error tensor(0.0125)
Training epoch 120
Error tensor(0.0092)
Training epoch 140
Error tensor(0.0090)
Training epoch 160
Error tensor(0.0108)
Training epoch 180
Error tensor(0.0120)
Training epoch 200
Error tensor(0.0085)
Training epoch 220
Error tensor(0.0077)
Training epoch 240
Error tensor(0.0171)
Training epoch 260
Error tensor(0.0117)
Training epoch 280
Error tensor(0.0104)
Training epoch 300
Error tensor(0.0067)
Training epoch 320
Error tensor(0.0067)
Training epoch 340
Error tensor(0.0098)
Training epoch 360
Error tensor(0.0059)
Training epoch 380
Error tensor(0.0054)
Training epoch 400
Error tensor(0.0131)
Training epoch 420
Error tensor(0.0098)
Training epoch 440
Error tensor(0.0080)
Training epoch 460
Error tensor(0.0142)
Training epoch 480
Error tensor(0.0114)
Training epoch 1
Error tensor(0.1411)
Training epoch 20
Error tensor(0.0146)
Training epoch 40
Error tensor(0.0135)
Training epoch 60
Error tensor(0.0162)
Training epoch 80
Error tensor(0.0108)
Training epoch 100
Error tensor(0.0093)
Training epoch 120
Error tensor(0.0140)
Training epoch 140
Error tensor(0.0088)
Training epoch 160
Error tensor(0.0090)
Training epoch 180
Error tensor(0.0110)
Training epoch 200
Error tensor(0.0070)
Training epoch 220
Error tensor(0.0076)
Training epoch 240
Error tensor(0.0070)
Training epoch 260
Error tensor(0.0074)
Training epoch 280
Error tensor(0.0050)
Training epoch 300
Error tensor(0.0076)
Training epoch 320
Error tensor(0.0054)
Training epoch 340
Error tensor(0.0065)
Training epoch 360
Error tensor(0.0125)
Training epoch 380
Error tensor(0.0103)

------------------------------------------------------------
Sender: LSF System <lsfadmin@hpc.dtu.dk>
Subject: Job 24799814: <forecasts> in cluster <dcc> Done

Job <forecasts> was submitted from host <n-62-27-20> by user <ftmp> in cluster <dcc> at Fri Apr 25 11:21:24 2025
Job was executed on host(s) <n-62-31-3>, in queue <hpc>, as user <ftmp> in cluster <dcc> at Fri Apr 25 11:21:26 2025
</zhome/cf/9/138047> was used as the home directory.
</zhome/cf/9/138047/pyshred> was used as the working directory.
Started at Fri Apr 25 11:21:26 2025
Terminated at Fri Apr 25 12:02:16 2025
Results reported at Fri Apr 25 12:02:16 2025

Your job looked like:

------------------------------------------------------------
# LSBATCH: User input
#!/bin/sh 
### General options 
### -- specify queue -- 
#BSUB -q hpc
### -- set the job Name -- 
#BSUB -J forecasts
### -- ask for number of cores (default: 1) -- 
#BSUB -n 1
### -- specify that the cores must be on the same host -- 
#BSUB -R "span[hosts=1]"
### -- specify that we need 4GB of memory per core/slot -- 
#BSUB -R "rusage[mem=10GB]"
### -- specify that we want the job to get killed if it exceeds 5 GB per core/slot -- 
#BSUB -M 10GB
### -- set walltime limit: hh:mm -- 
#BSUB -W 24:00 
### -- Specify the output and error file. %J is the job-id -- 
### -- -o and -e mean append, -oo and -eo mean overwrite -- 
#BSUB -o outputs_hpc/Output_%J.out 
#BSUB -e outputs_hpc/Output_%J.err 

source ../envs/envs/shred/bin/activate

# Load modules
# import argparse
# import torch
# import numpy as np
# import models
# from processdata import TimeSeriesDataset
# from processdata import qr_place
# from processdata import load_data
# from sklearn.preprocessing import MinMaxScaler
# import mikeio
# import os
# import matplotlib.pyplot as plt
# here follow the commands you want to execute with input.in as the input file
python forecasts.py
------------------------------------------------------------

Successfully completed.

Resource usage summary:

    CPU time :                                   2445.01 sec.
    Max Memory :                                 819 MB
    Average Memory :                             771.94 MB
    Total Requested Memory :                     10240.00 MB
    Delta Memory :                               9421.00 MB
    Max Swap :                                   -
    Max Processes :                              4
    Max Threads :                                6
    Run time :                                   2490 sec.
    Turnaround time :                            2452 sec.

The output (if any) is above this job summary.



PS:

Read file <outputs_hpc/Output_24799814.err> for stderr output of this job.

