Fri Apr 25 14:34:52 2025       
+-----------------------------------------------------------------------------------------+
| NVIDIA-SMI 570.133.20             Driver Version: 570.133.20     CUDA Version: 12.8     |
|-----------------------------------------+------------------------+----------------------+
| GPU  Name                 Persistence-M | Bus-Id          Disp.A | Volatile Uncorr. ECC |
| Fan  Temp   Perf          Pwr:Usage/Cap |           Memory-Usage | GPU-Util  Compute M. |
|                                         |                        |               MIG M. |
|=========================================+========================+======================|
|   0  Tesla V100-SXM2-32GB           On  |   00000000:3A:00.0 Off |                    0 |
| N/A   37C    P0             70W /  300W |       0MiB /  32768MiB |      0%   E. Process |
|                                         |                        |                  N/A |
+-----------------------------------------+------------------------+----------------------+
                                                                                         
+-----------------------------------------------------------------------------------------+
| Processes:                                                                              |
|  GPU   GI   CI              PID   Type   Process name                        GPU Memory |
|        ID   ID                                                               Usage      |
|=========================================================================================|
|  No running processes found                                                             |
+-----------------------------------------------------------------------------------------+
Loaded packages ... Let's start working...

num_sensors changed to  3 to match sensor location file
Using cuda:  True 

Training epoch 1
Error tensor(0.1280, device='cuda:0')
Training epoch 20
Error tensor(0.0100, device='cuda:0')
Training epoch 40
Error tensor(0.0156, device='cuda:0')
Training epoch 60
Error tensor(0.0137, device='cuda:0')
Training epoch 80
Error tensor(0.0088, device='cuda:0')
Training epoch 100
Error tensor(0.0213, device='cuda:0')
Training epoch 120
Error tensor(0.0044, device='cuda:0')
Training epoch 140
Error tensor(0.0067, device='cuda:0')
Training epoch 160
Error tensor(0.0138, device='cuda:0')
Training epoch 180
Error tensor(0.0122, device='cuda:0')
Training epoch 200
Error tensor(0.0241, device='cuda:0')
Training epoch 220
Error tensor(0.0103, device='cuda:0')
Training epoch 1
Error tensor(0.1415, device='cuda:0')
Training epoch 20
Error tensor(0.0252, device='cuda:0')
Training epoch 40
Error tensor(0.0123, device='cuda:0')
Training epoch 60
Error tensor(0.0108, device='cuda:0')
Training epoch 80
Error tensor(0.0140, device='cuda:0')
Training epoch 100
Error tensor(0.0078, device='cuda:0')
Training epoch 120
Error tensor(0.0084, device='cuda:0')
Training epoch 140
Error tensor(0.0067, device='cuda:0')
Training epoch 160
Error tensor(0.0084, device='cuda:0')
Training epoch 180
Error tensor(0.0056, device='cuda:0')
Training epoch 200
Error tensor(0.0084, device='cuda:0')
Training epoch 220
Error tensor(0.0052, device='cuda:0')
Training epoch 240
Error tensor(0.0044, device='cuda:0')
Training epoch 260
Error tensor(0.0086, device='cuda:0')
Training epoch 280
Error tensor(0.0126, device='cuda:0')
Training epoch 300
Error tensor(0.0075, device='cuda:0')
Training epoch 320
Error tensor(0.0057, device='cuda:0')
Training epoch 340
Error tensor(0.0056, device='cuda:0')

------------------------------------------------------------
Sender: LSF System <lsfadmin@hpc.dtu.dk>
Subject: Job 24801132: <forecasts> in cluster <dcc> Exited

Job <forecasts> was submitted from host <n-62-30-7> by user <ftmp> in cluster <dcc> at Fri Apr 25 14:33:57 2025
Job was executed on host(s) <4*n-62-20-11>, in queue <gpuv100>, as user <ftmp> in cluster <dcc> at Fri Apr 25 14:34:50 2025
</zhome/cf/9/138047> was used as the home directory.
</zhome/cf/9/138047/pyshred> was used as the working directory.
Started at Fri Apr 25 14:34:50 2025
Terminated at Fri Apr 25 14:37:35 2025
Results reported at Fri Apr 25 14:37:35 2025

Your job looked like:

------------------------------------------------------------
# LSBATCH: User input
#!/bin/sh 
### General options 
### -- specify queue -- 
#BSUB -q gpuv100
### -- set the job Name -- 
#BSUB -J forecasts
### -- ask for number of cores (default: 1) -- 
#BSUB -n 4
### -- Select the resources: 1 gpu in exclusive process mode --
#BSUB -gpu "num=1:mode=exclusive_process"
### -- specify that the cores must be on the same host -- 
#BSUB -R "span[hosts=1]"
### -- specify that we need 4GB of memory per core/slot -- 
#BSUB -R "rusage[mem=2GB]"
### -- specify that we want the job to get killed if it exceeds 5 GB per core/slot -- 
#BSUB -M 3GB
### -- set walltime limit: hh:mm -- 
#BSUB -W 24:00 
### -- Specify the output and error file. %J is the job-id -- 
### -- -o and -e mean append, -oo and -eo mean overwrite -- 
#BSUB -o outputs_hpc/Output_%J.out 
#BSUB -e outputs_hpc/Output_%J.err 


nvidia-smi
# Load the cuda module
module load cuda/11.6

source ../envs/envs/shred/bin/activate

# here follow the commands you want to execute with input.in as the input file
python -u forecasts.py
------------------------------------------------------------

Exited with exit code 1.

Resource usage summary:

    CPU time :                                   159.00 sec.
    Max Memory :                                 1134 MB
    Average Memory :                             1032.50 MB
    Total Requested Memory :                     8192.00 MB
    Delta Memory :                               7058.00 MB
    Max Swap :                                   -
    Max Processes :                              4
    Max Threads :                                11
    Run time :                                   166 sec.
    Turnaround time :                            218 sec.

The output (if any) is above this job summary.



PS:

Read file <outputs_hpc/Output_24801132.err> for stderr output of this job.

